[2025-07-02T05:05:07.394Z] [WARN] 404 Not Found | {"url":"/api/student/login","method":"POST","ip":"::1"}
[2025-07-02T05:05:11.858Z] [WARN] 404 Not Found | {"url":"/.well-known/appspecific/com.chrome.devtools.json","method":"GET","ip":"::1"}
[2025-07-02T05:05:47.243Z] [WARN] 404 Not Found | {"url":"/api/student/login","method":"POST","ip":"::1"}
[2025-07-02T05:08:36.634Z] [WARN] 404 Not Found | {"url":"/lythuet","method":"GET","ip":"::1"}
[2025-07-02T05:08:40.055Z] [WARN] 404 Not Found | {"url":"/api/check-student-auth","method":"GET","ip":"::1"}
[2025-07-02T05:09:13.910Z] [WARN] 404 Not Found | {"url":"/api/check-student-auth","method":"GET","ip":"::1"}
[2025-07-02T05:09:50.612Z] [WARN] 404 Not Found | {"url":"/api/check-student-auth","method":"GET","ip":"::1"}
[2025-07-02T05:10:12.282Z] [WARN] 404 Not Found | {"url":"/api/check-student-auth","method":"GET","ip":"::1"}
[2025-07-02T05:11:13.401Z] [WARN] 404 Not Found | {"url":"/api/student/login","method":"POST","ip":"::1"}
[2025-07-02T05:19:35.777Z] [WARN] 404 Not Found | {"url":"/api/student/login","method":"POST","ip":"::1"}
[2025-07-02T05:22:45.906Z] [WARN] 404 Not Found | {"url":"/.well-known/appspecific/com.chrome.devtools.json","method":"GET","ip":"::1"}
[2025-07-02T05:26:44.649Z] [WARN] 404 Not Found | {"url":"/.well-known/appspecific/com.chrome.devtools.json","method":"GET","ip":"::1"}
[2025-07-02T05:27:51.409Z] [WARN] 404 Not Found | {"url":"/.well-known/appspecific/com.chrome.devtools.json","method":"GET","ip":"::1"}
[2025-07-02T05:27:59.797Z] [WARN] 404 Not Found | {"url":"/.well-known/appspecific/com.chrome.devtools.json","method":"GET","ip":"::1"}
[2025-07-02T05:29:28.445Z] [WARN] 404 Not Found | {"url":"/.well-known/appspecific/com.chrome.devtools.json","method":"GET","ip":"::1"}
[2025-07-02T05:30:50.470Z] [WARN] 404 Not Found | {"url":"/.well-known/appspecific/com.chrome.devtools.json","method":"GET","ip":"::1"}
[2025-07-02T05:34:48.777Z] [WARN] 404 Not Found | {"url":"/.well-known/appspecific/com.chrome.devtools.json","method":"GET","ip":"::1"}
[2025-07-02T05:36:54.622Z] [WARN] 404 Not Found | {"url":"/.well-known/appspecific/com.chrome.devtools.json","method":"GET","ip":"::1"}
[2025-07-02T05:38:10.560Z] [WARN] 404 Not Found | {"url":"/.well-known/appspecific/com.chrome.devtools.json","method":"GET","ip":"::1"}
[2025-07-02T05:40:15.113Z] [WARN] 404 Not Found | {"url":"/.well-known/appspecific/com.chrome.devtools.json","method":"GET","ip":"::1"}
[2025-07-02T05:41:29.712Z] [WARN] 404 Not Found | {"url":"/.well-known/appspecific/com.chrome.devtools.json","method":"GET","ip":"::1"}
[2025-07-02T05:42:32.195Z] [WARN] 404 Not Found | {"url":"/.well-known/appspecific/com.chrome.devtools.json","method":"GET","ip":"::1"}
[2025-07-02T05:43:55.280Z] [WARN] 404 Not Found | {"url":"/.well-known/appspecific/com.chrome.devtools.json","method":"GET","ip":"::1"}
[2025-07-02T05:48:49.989Z] [WARN] 404 Not Found | {"url":"/.well-known/appspecific/com.chrome.devtools.json","method":"GET","ip":"::1"}
[2025-07-02T05:50:44.175Z] [WARN] 404 Not Found | {"url":"/.well-known/appspecific/com.chrome.devtools.json","method":"GET","ip":"::1"}
[2025-07-02T05:54:23.241Z] [WARN] 404 Not Found | {"url":"/.well-known/appspecific/com.chrome.devtools.json","method":"GET","ip":"::1"}
[2025-07-02T05:54:52.636Z] [WARN] 404 Not Found | {"url":"/.well-known/appspecific/com.chrome.devtools.json","method":"GET","ip":"::1"}
[2025-07-02T05:55:16.443Z] [WARN] 404 Not Found | {"url":"/.well-known/appspecific/com.chrome.devtools.json","method":"GET","ip":"::1"}
[2025-07-02T05:55:22.963Z] [WARN] 404 Not Found | {"url":"/.well-known/appspecific/com.chrome.devtools.json","method":"GET","ip":"::1"}
[2025-07-02T07:03:03.839Z] [WARN] 404 Not Found | {"url":"/api/student/progress","method":"GET","ip":"::1"}
[2025-07-02T07:03:40.879Z] [WARN] 404 Not Found | {"url":"/api/student/progress","method":"GET","ip":"::1"}
[2025-07-02T07:03:42.109Z] [WARN] 404 Not Found | {"url":"/api/profile/profile","method":"GET","ip":"::1"}
[2025-07-02T07:03:54.120Z] [WARN] 404 Not Found | {"url":"/.well-known/appspecific/com.chrome.devtools.json","method":"GET","ip":"::1"}
[2025-07-02T07:05:53.343Z] [WARN] 404 Not Found | {"url":"/api/student/progress","method":"GET","ip":"::1"}
[2025-07-02T07:06:57.660Z] [WARN] 404 Not Found | {"url":"/api/student/progress","method":"GET","ip":"::1"}
[2025-07-02T07:09:18.019Z] [WARN] 404 Not Found | {"url":"/api/student/progress","method":"GET","ip":"::1"}
[2025-07-02T07:54:14.485Z] [WARN] 404 Not Found | {"url":"/api/student/progress","method":"GET","ip":"::1"}
[2025-07-02T07:54:17.042Z] [WARN] 404 Not Found | {"url":"/api/student/progress","method":"GET","ip":"::1"}
[2025-07-02T07:54:18.582Z] [WARN] 404 Not Found | {"url":"/.well-known/appspecific/com.chrome.devtools.json","method":"GET","ip":"::1"}
[2025-07-02T07:54:46.541Z] [WARN] 404 Not Found | {"url":"/api/student/progress","method":"GET","ip":"::1"}
[2025-07-02T08:05:54.229Z] [WARN] 404 Not Found | {"url":"/test-progress.html","method":"GET","ip":"::1"}
[2025-07-02T08:06:20.329Z] [WARN] 404 Not Found | {"url":"/.well-known/appspecific/com.chrome.devtools.json","method":"GET","ip":"::1"}
[2025-07-02T08:06:28.756Z] [WARN] 404 Not Found | {"url":"/.well-known/appspecific/com.chrome.devtools.json","method":"GET","ip":"::1"}
[2025-07-02T08:06:30.207Z] [WARN] 404 Not Found | {"url":"/.well-known/appspecific/com.chrome.devtools.json","method":"GET","ip":"::1"}
[2025-07-02T08:08:15.847Z] [WARN] 404 Not Found | {"url":"/api/profile/e8df80e4-15ad-4224-aad1-3a3207119dd8","method":"GET","ip":"::1"}
[2025-07-02T08:08:18.658Z] [WARN] 404 Not Found | {"url":"/.well-known/appspecific/com.chrome.devtools.json","method":"GET","ip":"::1"}
[2025-07-02T08:22:07.227Z] [WARN] 404 Not Found | {"url":"/api/dashboard/stats","method":"GET","ip":"::1"}
[2025-07-02T08:22:35.108Z] [WARN] 404 Not Found | {"url":"/admin/statistics/1747412864891","method":"GET","ip":"::1"}
[2025-07-02T08:23:25.095Z] [WARN] 404 Not Found | {"url":"/api/dashboard/stats","method":"GET","ip":"::1"}
[2025-07-02T08:24:50.267Z] [WARN] 404 Not Found | {"url":"/api/dashboard/stats","method":"GET","ip":"::1"}
[2025-07-02T08:27:17.861Z] [WARN] 404 Not Found | {"url":"/js/lessons.js","method":"GET","ip":"::1"}
[2025-07-02T12:10:44.459Z] [WARN] 404 Not Found | {"url":"/js/lessons.js","method":"GET","ip":"::1"}
[2025-07-02T12:10:48.268Z] [WARN] 404 Not Found | {"url":"/.well-known/appspecific/com.chrome.devtools.json","method":"GET","ip":"::1"}
[2025-07-02T12:11:12.711Z] [WARN] 404 Not Found | {"url":"/js/lessons.js","method":"GET","ip":"::1"}
[2025-07-02T12:11:26.343Z] [WARN] 404 Not Found | {"url":"/api/profile/e8df80e4-15ad-4224-aad1-3a3207119dd8","method":"GET","ip":"::1"}
[2025-07-02T12:11:36.340Z] [WARN] 404 Not Found | {"url":"/js/lessons.js","method":"GET","ip":"::1"}
[2025-07-02T12:11:47.595Z] [WARN] 404 Not Found | {"url":"/.well-known/appspecific/com.chrome.devtools.json","method":"GET","ip":"::1"}
[2025-07-02T12:12:07.990Z] [WARN] 404 Not Found | {"url":"/.well-known/appspecific/com.chrome.devtools.json","method":"GET","ip":"::1"}
[2025-07-02T12:12:08.197Z] [WARN] 404 Not Found | {"url":"/js/lessons.js","method":"GET","ip":"::1"}
[2025-07-02T12:13:58.854Z] [WARN] 404 Not Found | {"url":"/.well-known/appspecific/com.chrome.devtools.json","method":"GET","ip":"::1"}
[2025-07-02T12:14:05.582Z] [WARN] 404 Not Found | {"url":"/.well-known/appspecific/com.chrome.devtools.json","method":"GET","ip":"::1"}
[2025-07-02T12:14:06.881Z] [WARN] 404 Not Found | {"url":"/.well-known/appspecific/com.chrome.devtools.json","method":"GET","ip":"::1"}
[2025-07-02T12:17:20.040Z] [WARN] 404 Not Found | {"url":"/.well-known/appspecific/com.chrome.devtools.json","method":"GET","ip":"::1"}
[2025-07-02T12:22:21.750Z] [WARN] 404 Not Found | {"url":"/.well-known/appspecific/com.chrome.devtools.json","method":"GET","ip":"::1"}
[2025-07-02T12:54:23.131Z] [WARN] 404 Not Found | {"url":"/.well-known/appspecific/com.chrome.devtools.json","method":"GET","ip":"::1"}
[2025-07-02T12:55:45.604Z] [WARN] 404 Not Found | {"url":"/review/mistakes","method":"GET","ip":"::1"}
[2025-07-02T12:55:51.527Z] [WARN] 404 Not Found | {"url":"/practice","method":"GET","ip":"::1"}
[2025-07-02T12:56:27.702Z] [WARN] 404 Not Found | {"url":"/api/dashboard/stats","method":"GET","ip":"::1"}
[2025-07-02T12:58:02.361Z] [WARN] 404 Not Found | {"url":"/.well-known/appspecific/com.chrome.devtools.json","method":"GET","ip":"::1"}
[2025-07-02T12:58:36.461Z] [WARN] 404 Not Found | {"url":"/.well-known/appspecific/com.chrome.devtools.json","method":"GET","ip":"::1"}
[2025-07-02T12:58:55.243Z] [WARN] 404 Not Found | {"url":"/.well-known/appspecific/com.chrome.devtools.json","method":"GET","ip":"::1"}
[2025-07-02T12:59:23.773Z] [WARN] 404 Not Found | {"url":"/.well-known/appspecific/com.chrome.devtools.json","method":"GET","ip":"::1"}
